<?xml version="1.0" encoding="UTF-8"?>
<testng-results ignored="0" total="1" passed="1" failed="0" skipped="0">
  <reporter-output>
  </reporter-output>
  <suite started-at="2022-12-26T17:36:22 IST" name="Default suite" finished-at="2022-12-26T17:37:03 IST" duration-ms="41625">
    <groups>
    </groups>
    <test started-at="2022-12-26T17:36:22 IST" name="Default test" finished-at="2022-12-26T17:37:03 IST" duration-ms="41625">
      <class name="module_PBLogin1Test.PBVerifyPFName">
        <test-method is-config="true" signature="openApplication()[pri:0, instance:module_PBLogin1Test.PBVerifyPFName@428640fa]" started-at="2022-12-26T17:36:22 IST" name="openApplication" finished-at="2022-12-26T17:36:37 IST" duration-ms="15245" status="PASS">
          <reporter-output>
          </reporter-output>
        </test-method> <!-- openApplication -->
        <test-method is-config="true" signature="loginToPB()[pri:0, instance:module_PBLogin1Test.PBVerifyPFName@428640fa]" started-at="2022-12-26T17:36:37 IST" name="loginToPB" finished-at="2022-12-26T17:36:43 IST" duration-ms="5580" status="PASS">
          <reporter-output>
          </reporter-output>
        </test-method> <!-- loginToPB -->
        <test-method signature="verifyPFName()[pri:0, instance:module_PBLogin1Test.PBVerifyPFName@428640fa]" started-at="2022-12-26T17:36:43 IST" name="verifyPFName" finished-at="2022-12-26T17:37:00 IST" duration-ms="17049" status="PASS">
          <reporter-output>
          </reporter-output>
        </test-method> <!-- verifyPFName -->
        <test-method is-config="true" signature="afterTest(org.testng.ITestResult)[pri:0, instance:module_PBLogin1Test.PBVerifyPFName@428640fa]" started-at="2022-12-26T17:37:00 IST" name="afterTest" finished-at="2022-12-26T17:37:00 IST" duration-ms="2" status="PASS">
          <params>
            <param index="0">
              <value>
                <![CDATA[[TestResult name=verifyPFName status=SUCCESS method=PBVerifyPFName.verifyPFName()[pri:0, instance:module_PBLogin1Test.PBVerifyPFName@428640fa] output={null}]]]>
              </value>
            </param>
          </params>
          <reporter-output>
          </reporter-output>
        </test-method> <!-- afterTest -->
        <test-method is-config="true" signature="closeBrowser()[pri:0, instance:module_PBLogin1Test.PBVerifyPFName@428640fa]" started-at="2022-12-26T17:37:00 IST" name="closeBrowser" finished-at="2022-12-26T17:37:03 IST" duration-ms="3682" status="PASS">
          <reporter-output>
          </reporter-output>
        </test-method> <!-- closeBrowser -->
      </class> <!-- module_PBLogin1Test.PBVerifyPFName -->
    </test> <!-- Default test -->
  </suite> <!-- Default suite -->
</testng-results>
